#! /opt/homebrew/Cellar/icarus-verilog/11.0/bin/vvp
:ivl_version "11.0 (stable)";
:ivl_delay_selection "TYPICAL";
:vpi_time_precision - 12;
:vpi_module "/opt/homebrew/Cellar/icarus-verilog/11.0/lib/ivl/system.vpi";
:vpi_module "/opt/homebrew/Cellar/icarus-verilog/11.0/lib/ivl/vhdl_sys.vpi";
:vpi_module "/opt/homebrew/Cellar/icarus-verilog/11.0/lib/ivl/vhdl_textio.vpi";
:vpi_module "/opt/homebrew/Cellar/icarus-verilog/11.0/lib/ivl/v2005_math.vpi";
:vpi_module "/opt/homebrew/Cellar/icarus-verilog/11.0/lib/ivl/va_math.vpi";
S_0x144004ec0 .scope module, "mul" "mul" 2 29;
 .timescale -9 -12;
    .port_info 0 /INPUT 1 "clk";
    .port_info 1 /INPUT 1 "reset";
    .port_info 2 /INPUT 1 "enable";
    .port_info 3 /INPUT 8 "num_1";
    .port_info 4 /INPUT 8 "num_2";
    .port_info 5 /OUTPUT 16 "out_num";
P_0x144005bf0 .param/l "word_length" 0 2 36, +C4<0000000000000000000000000000000000000000000000000000000000010000>;
o0x138030010 .functor BUFZ 1, C4<z>; HiZ drive
v0x144008760_0 .net "clk", 0 0, o0x138030010;  0 drivers
o0x138030040 .functor BUFZ 1, C4<z>; HiZ drive
v0x1440187d0_0 .net "enable", 0 0, o0x138030040;  0 drivers
o0x138030070 .functor BUFZ 8, C4<zzzzzzzz>; HiZ drive
v0x144018870_0 .net "num_1", 7 0, o0x138030070;  0 drivers
o0x1380300a0 .functor BUFZ 8, C4<zzzzzzzz>; HiZ drive
v0x144018910_0 .net "num_2", 7 0, o0x1380300a0;  0 drivers
v0x1440189c0_0 .var "out_num", 15 0;
o0x138030100 .functor BUFZ 1, C4<z>; HiZ drive
v0x144018ab0_0 .net "reset", 0 0, o0x138030100;  0 drivers
E_0x144005a10/0 .event negedge, v0x144018ab0_0;
E_0x144005a10/1 .event posedge, v0x144008760_0;
E_0x144005a10 .event/or E_0x144005a10/0, E_0x144005a10/1;
    .scope S_0x144004ec0;
T_0 ;
    %wait E_0x144005a10;
    %load/vec4 v0x144018ab0_0;
    %nor/r;
    %flag_set/vec4 8;
    %jmp/0xz  T_0.0, 8;
    %pushi/vec4 0, 0, 16;
    %assign/vec4 v0x1440189c0_0, 0;
    %jmp T_0.1;
T_0.0 ;
    %load/vec4 v0x1440187d0_0;
    %flag_set/vec4 8;
    %jmp/0xz  T_0.2, 8;
    %load/vec4 v0x144018870_0;
    %pad/u 16;
    %load/vec4 v0x144018910_0;
    %pad/u 16;
    %mul;
    %assign/vec4 v0x1440189c0_0, 0;
T_0.2 ;
T_0.1 ;
    %jmp T_0;
    .thread T_0;
# The file index is used to find the file name in the following table.
:file_names 3;
    "N/A";
    "<interactive>";
    "multiply.v";
